2022-11-03T02:57:49+00:00 CRITICAL Out of memory (allocated 6381633536) (tried to allocate 20480 bytes) in C:\xampp\htdocs\office-lab\wp-includes\plugin.php on line 165

2022-11-03T07:40:14+00:00 CRITICAL Cannot redeclare remove_add_to_cart_buttons() (previously declared in C:\xampp\htdocs\office-lab\wp-content\themes\office-lab\functions.php:499) in C:\xampp\htdocs\office-lab\wp-content\themes\office-lab\functions.php on line 653

2022-11-03T07:40:15+00:00 CRITICAL Cannot redeclare remove_add_to_cart_buttons() (previously declared in C:\xampp\htdocs\office-lab\wp-content\themes\office-lab\functions.php:499) in C:\xampp\htdocs\office-lab\wp-content\themes\office-lab\functions.php on line 653

2022-11-03T08:14:42+00:00 CRITICAL Unmatched '}' in C:\xampp\htdocs\office-lab\wp-content\themes\office-lab\functions.php on line 591

2022-11-03T08:14:43+00:00 CRITICAL Unmatched '}' in C:\xampp\htdocs\office-lab\wp-content\themes\office-lab\functions.php on line 591

2022-11-03T08:14:51+00:00 CRITICAL Uncaught ArgumentCountError: Too few arguments to function add_to_cart_button_woocommerce(), 1 passed in C:\xampp\htdocs\office-lab\wp-includes\class-wp-hook.php on line 307 and exactly 2 expected in C:\xampp\htdocs\office-lab\wp-content\themes\office-lab\functions.php:582
Stack trace:
#0 C:\xampp\htdocs\office-lab\wp-includes\class-wp-hook.php(307): add_to_cart_button_woocommerce('')
#1 C:\xampp\htdocs\office-lab\wp-includes\class-wp-hook.php(331): WP_Hook->apply_filters(NULL, Array)
#2 C:\xampp\htdocs\office-lab\wp-includes\plugin.php(476): WP_Hook->do_action(Array)
#3 C:\xampp\htdocs\office-lab\wp-content\themes\office-lab\woocommerce\content-single-product.php(60): do_action('woocommerce_sin...')
#4 C:\xampp\htdocs\office-lab\wp-includes\template.php(772): require('C:\\xampp\\htdocs...')
#5 C:\xampp\htdocs\office-lab\wp-content\plugins\woocommerce\includes\wc-core-functions.php(284): load_template('C:\\xampp\\htdocs...', false)
#6 C:\xampp\htdocs\office-lab\wp-content\plugins\woocommerce\includes\wc-template-functions.php(970): wc_get_template_part('content', 'single-product')
#7 C:\xampp\htdocs\office-lab\wp-content\themes\office-lab\woocommerce.php(60): woocommerce_content()
#8 C:\xampp\htdocs\office-lab\wp-includes\template-loader.php(106): include('C:\\xampp\\htdocs...')
#9 C:\xampp\htdocs\office-lab\wp-blog-header.php(19): require_once('C:\\xampp\\htdocs...')
#10 C:\xampp\htdocs\office-lab\index.php(17): require('C:\\xampp\\htdocs...')
#11 {main}
  thrown in C:\xampp\htdocs\office-lab\wp-content\themes\office-lab\functions.php on line 582

2022-11-03T08:19:42+00:00 CRITICAL Maximum execution time of 120 seconds exceeded in C:\xampp\htdocs\office-lab\wp-includes\plugin.php on line 191

2022-11-03T08:31:52+00:00 CRITICAL Out of memory (allocated 23049797632) (tried to allocate 20480 bytes) in C:\xampp\htdocs\office-lab\wp-includes\class-wp-hook.php on line 300

